[0m20:02:18.900854 [debug] [MainThread]: Sending event: {'category': 'dbt', 'action': 'invocation', 'label': 'start', 'context': [<snowplow_tracker.self_describing_json.SelfDescribingJson object at 0x0000025931817790>, <snowplow_tracker.self_describing_json.SelfDescribingJson object at 0x0000025931826E50>, <snowplow_tracker.self_describing_json.SelfDescribingJson object at 0x0000025931826DD0>]}


============================== 20:02:18.905454 | fb90a0cf-2512-4392-acbb-627c32cca8e7 ==============================
[0m20:02:18.905454 [info ] [MainThread]: Running with dbt=1.11.2
[0m20:02:18.906966 [debug] [MainThread]: running dbt with arguments {'static_parser': 'True', 'no_print': 'None', 'version_check': 'True', 'target_path': 'None', 'warn_error_options': 'WarnErrorOptionsV2(error=[], warn=[], silence=[])', 'printer_width': '80', 'write_json': 'True', 'introspect': 'True', 'log_cache_events': 'False', 'empty': 'None', 'cache_selected_only': 'False', 'log_format': 'default', 'debug': 'False', 'fail_fast': 'False', 'partial_parse': 'True', 'send_anonymous_usage_stats': 'True', 'quiet': 'False', 'warn_error': 'None', 'profiles_dir': 'C:\\Users\\User\\.dbt', 'indirect_selection': 'eager', 'invocation_command': 'dbt init melpark_gold', 'use_colors': 'True', 'use_experimental_parser': 'False', 'log_path': 'logs'}
[0m20:02:18.916329 [info ] [MainThread]: Creating dbt configuration folder at C:\Users\User\.dbt
[0m20:02:18.919635 [debug] [MainThread]: Starter project path: C:\Users\User\Documents\Projects\melbourne_parking_de\.venv\Lib\site-packages\dbt\include\starter_project
[0m20:02:18.969868 [info ] [MainThread]: 
Your new dbt project "melpark_gold" was created!

For more information on how to configure the profiles.yml file,
please consult the dbt documentation here:

  https://docs.getdbt.com/docs/configure-your-profile

One more thing:

Need help? Don't hesitate to reach out to us via GitHub issues or on Slack:

  https://community.getdbt.com/

Happy modeling!

[0m20:02:18.969868 [info ] [MainThread]: Setting up your profile.
[0m20:02:28.194207 [error] [MainThread]: Encountered an error:

[0m20:02:28.195207 [error] [MainThread]: Traceback (most recent call last):
  File "C:\Users\User\Documents\Projects\melbourne_parking_de\.venv\Lib\site-packages\dbt\cli\requires.py", line 182, in wrapper
    result, success = func(*args, **kwargs)
                      ^^^^^^^^^^^^^^^^^^^^^
  File "C:\Users\User\Documents\Projects\melbourne_parking_de\.venv\Lib\site-packages\dbt\cli\requires.py", line 128, in wrapper
    return func(*args, **kwargs)
           ^^^^^^^^^^^^^^^^^^^^^
  File "C:\Users\User\Documents\Projects\melbourne_parking_de\.venv\Lib\site-packages\dbt\cli\main.py", line 483, in init
    results = task.run()
              ^^^^^^^^^^
  File "C:\Users\User\Documents\Projects\melbourne_parking_de\.venv\Lib\site-packages\dbt\task\init.py", line 346, in run
    self.setup_profile(profile_name)
  File "C:\Users\User\Documents\Projects\melbourne_parking_de\.venv\Lib\site-packages\dbt\task\init.py", line 261, in setup_profile
    adapter = self.ask_for_adapter_choice()
              ^^^^^^^^^^^^^^^^^^^^^^^^^^^^^
  File "C:\Users\User\Documents\Projects\melbourne_parking_de\.venv\Lib\site-packages\dbt\task\init.py", line 242, in ask_for_adapter_choice
    numeric_choice = click.prompt(prompt_msg, type=click.INT)
                     ^^^^^^^^^^^^^^^^^^^^^^^^^^^^^^^^^^^^^^^^
  File "C:\Users\User\Documents\Projects\melbourne_parking_de\.venv\Lib\site-packages\click\termui.py", line 171, in prompt
    value = prompt_func(prompt)
            ^^^^^^^^^^^^^^^^^^^
  File "C:\Users\User\Documents\Projects\melbourne_parking_de\.venv\Lib\site-packages\click\termui.py", line 154, in prompt_func
    raise Abort() from None
click.exceptions.Abort

[0m20:02:28.196207 [debug] [MainThread]: Command `dbt init` failed at 20:02:28.196207 after 9.35 seconds
[0m20:02:28.196207 [debug] [MainThread]: Sending event: {'category': 'dbt', 'action': 'invocation', 'label': 'end', 'context': [<snowplow_tracker.self_describing_json.SelfDescribingJson object at 0x000002592AA69950>, <snowplow_tracker.self_describing_json.SelfDescribingJson object at 0x00000259317CAA10>, <snowplow_tracker.self_describing_json.SelfDescribingJson object at 0x0000025931824250>]}
[0m20:02:28.197228 [debug] [MainThread]: Flushing usage events
[0m20:02:29.092309 [debug] [MainThread]: An error was encountered while trying to flush usage events
[0m20:02:44.192380 [debug] [MainThread]: Sending event: {'category': 'dbt', 'action': 'invocation', 'label': 'start', 'context': [<snowplow_tracker.self_describing_json.SelfDescribingJson object at 0x000001AED129E190>, <snowplow_tracker.self_describing_json.SelfDescribingJson object at 0x000001AED123B290>, <snowplow_tracker.self_describing_json.SelfDescribingJson object at 0x000001AECE8057D0>]}


============================== 20:02:44.196380 | 34384cf6-7b36-41fc-85f7-17922960cb25 ==============================
[0m20:02:44.196380 [info ] [MainThread]: Running with dbt=1.11.2
[0m20:02:44.196380 [debug] [MainThread]: running dbt with arguments {'version_check': 'True', 'no_print': 'None', 'static_parser': 'True', 'target_path': 'None', 'warn_error_options': 'WarnErrorOptionsV2(error=[], warn=[], silence=[])', 'printer_width': '80', 'write_json': 'True', 'introspect': 'True', 'log_cache_events': 'False', 'empty': 'None', 'cache_selected_only': 'False', 'fail_fast': 'False', 'debug': 'False', 'log_format': 'default', 'profiles_dir': 'C:\\Users\\User\\.dbt', 'send_anonymous_usage_stats': 'True', 'quiet': 'False', 'warn_error': 'None', 'partial_parse': 'True', 'invocation_command': 'dbt init dbt_gold', 'indirect_selection': 'eager', 'use_colors': 'True', 'use_experimental_parser': 'False', 'log_path': 'logs'}
[0m20:02:44.209067 [debug] [MainThread]: Starter project path: C:\Users\User\Documents\Projects\melbourne_parking_de\.venv\Lib\site-packages\dbt\include\starter_project
[0m20:02:44.219683 [info ] [MainThread]: 
Your new dbt project "dbt_gold" was created!

For more information on how to configure the profiles.yml file,
please consult the dbt documentation here:

  https://docs.getdbt.com/docs/configure-your-profile

One more thing:

Need help? Don't hesitate to reach out to us via GitHub issues or on Slack:

  https://community.getdbt.com/

Happy modeling!

[0m20:02:44.221188 [info ] [MainThread]: Setting up your profile.
[0m20:02:48.675525 [debug] [MainThread]: Spark adapter: Setting pyhive.hive logging to ERROR
[0m20:02:48.676524 [debug] [MainThread]: Spark adapter: Setting thrift.transport logging to ERROR
[0m20:02:48.676524 [debug] [MainThread]: Spark adapter: Setting thrift.protocol logging to ERROR
[0m20:06:01.834236 [info ] [MainThread]: Profile dbt_gold written to C:\Users\User\.dbt\profiles.yml using target's profile_template.yml and your supplied values. Run 'dbt debug' to validate the connection.
[0m20:06:01.835242 [debug] [MainThread]: Command `dbt init` succeeded at 20:06:01.835242 after 197.68 seconds
[0m20:06:01.835242 [debug] [MainThread]: Sending event: {'category': 'dbt', 'action': 'invocation', 'label': 'end', 'context': [<snowplow_tracker.self_describing_json.SelfDescribingJson object at 0x000001AED12AAF90>, <snowplow_tracker.self_describing_json.SelfDescribingJson object at 0x000001AECA539950>, <snowplow_tracker.self_describing_json.SelfDescribingJson object at 0x000001AECA7B49D0>]}
[0m20:06:01.836241 [debug] [MainThread]: Flushing usage events
[0m20:06:02.760455 [debug] [MainThread]: An error was encountered while trying to flush usage events
[0m20:17:45.474697 [debug] [MainThread]: Sending event: {'category': 'dbt', 'action': 'invocation', 'label': 'start', 'context': [<snowplow_tracker.self_describing_json.SelfDescribingJson object at 0x00000295324CD010>, <snowplow_tracker.self_describing_json.SelfDescribingJson object at 0x00000295324CF410>, <snowplow_tracker.self_describing_json.SelfDescribingJson object at 0x00000295324CF350>]}


============================== 20:17:45.478718 | 936255a2-5585-49a9-b849-3500a2ac1c87 ==============================
[0m20:17:45.478718 [info ] [MainThread]: Running with dbt=1.11.2
[0m20:17:45.479718 [debug] [MainThread]: running dbt with arguments {'static_parser': 'True', 'no_print': 'None', 'version_check': 'True', 'warn_error_options': 'WarnErrorOptionsV2(error=[], warn=[], silence=[])', 'target_path': 'None', 'printer_width': '80', 'write_json': 'True', 'empty': 'False', 'log_cache_events': 'False', 'introspect': 'True', 'cache_selected_only': 'False', 'log_format': 'default', 'debug': 'False', 'fail_fast': 'False', 'profiles_dir': 'C:\\Users\\User\\.dbt', 'send_anonymous_usage_stats': 'True', 'quiet': 'False', 'warn_error': 'None', 'partial_parse': 'True', 'invocation_command': 'dbt run --select dim_bays', 'indirect_selection': 'eager', 'use_colors': 'True', 'use_experimental_parser': 'False', 'log_path': 'logs'}
[0m20:17:45.479718 [error] [MainThread]: Encountered an error:
Runtime Error
  No dbt_project.yml found at expected path C:\Users\User\Documents\Projects\melbourne_parking_de\dbt_project.yml
  Verify that each entry within packages.yml (and their transitive dependencies) contains a file named dbt_project.yml
  
[0m20:17:45.480719 [debug] [MainThread]: Command `dbt run` failed at 20:17:45.480719 after 0.05 seconds
[0m20:17:45.480719 [debug] [MainThread]: Sending event: {'category': 'dbt', 'action': 'invocation', 'label': 'end', 'context': [<snowplow_tracker.self_describing_json.SelfDescribingJson object at 0x00000295324C6910>, <snowplow_tracker.self_describing_json.SelfDescribingJson object at 0x000002953220C150>, <snowplow_tracker.self_describing_json.SelfDescribingJson object at 0x000002953246BC90>]}
[0m20:17:45.481718 [debug] [MainThread]: Flushing usage events
[0m20:17:46.379831 [debug] [MainThread]: An error was encountered while trying to flush usage events
